<?xml version="1.0" encoding="UTF-8"?>
<!-- Generated by org.testng.reporters.JUnitXMLReporter -->
<testsuite ignored="0" hostname="ATMECSINLT-647" failures="1" tests="1" name="Title Test" time="0.028" errors="0" timestamp="2020-12-27T22:28:00 IST">
  <testcase classname="testcases.TestCase2" name="validateTitles" time="0.012">
    <failure type="java.lang.AssertionError" message="The following asserts failed:
	expected [Yahoo] but found [Gmail],
	TextBox not present expected [false] but found [true],
	Image not present expected [false] but found [true],
	Failing the test as Condition is not met">
      <![CDATA[java.lang.AssertionError: The following asserts failed:
expected [Yahoo] but found [Gmail],
TextBox not present expected [false] but found [true],
Image not present expected [false] but found [true],
Failing the test as Condition is not met
at testcases.TestCase2.validateTitles(TestCase2.java:36)
at java.base/java.util.ArrayList.forEach(ArrayList.java:1511)
... Removed 29 stack frames]]>
    </failure>
  </testcase> <!-- validateTitles -->
</testsuite> <!-- Title Test -->
